<?xml version="1.0" encoding="UTF-8"?>
<!-- Generated by org.testng.reporters.JUnitReportReporter -->
<testsuite hostname="GADDAM-PC" failures="0" tests="1" name="com.learnautomation.selenium.Demo" time="0.015" errors="0" timestamp="4 Jun 2018 02:08:47 GMT">
  <testcase classname="com.learnautomation.selenium.Demo" name="method1" time="0.015"/>
</testsuite> <!-- com.learnautomation.selenium.Demo -->
